{"level":"info","message":"Henrry Bourgeot ha iniciado sesión","timestamp":"19-08-2023 19:45:58"}
{"level":"info","message":"Henrry Bourgeot ha iniciado sesión","timestamp":"19-08-2023 19:46:36"}
{"level":"info","message":"Henrry Bourgeot ha entrado al módulo de los estudiantes","timestamp":"19-08-2023 19:58:10"}
{"level":"info","message":"Henrry Bourgeot ha entrado al módulo de los estudiantes","timestamp":"19-08-2023 19:58:14"}
{"level":"info","message":"Henrry Bourgeot ha iniciado sesión","timestamp":"21-08-2023 12:42:03"}
{"level":"info","message":"Henrry Bourgeot ha iniciado sesión","timestamp":"22-08-2023 20:58:34"}
{"level":"info","message":"Henrry Bourgeot ha iniciado sesión","timestamp":"22-08-2023 20:58:36"}
{"level":"info","message":"Henrry Bourgeot ha iniciado sesión","timestamp":"22-08-2023 20:59:19"}
{"level":"info","message":"Henrry Bourgeot ha entrado al módulo de los pagos","timestamp":"22-08-2023 20:59:28"}
{"level":"info","message":"Henrry Bourgeot ha entrado al módulo de los pagos","timestamp":"22-08-2023 20:59:34"}
{"level":"info","message":"Henrry Bourgeot ha entrado al módulo de los pagos","timestamp":"22-08-2023 20:59:37"}
{"level":"info","message":"Henrry Bourgeot ha entrado al módulo de los pagos","timestamp":"22-08-2023 21:00:19"}
{"level":"warn","message":"Atención, Henrry Bourgeot puede que registre un pago","timestamp":"22-08-2023 21:22:06"}
{"level":"warn","message":"Atención, Henrry Bourgeot puede que registre un pago","timestamp":"22-08-2023 21:26:28"}
{"level":"warn","message":"Henrry Bourgeot ha registrado un pago del estudiante de C.I. N° 29890437 por concepto 'cuota1'","timestamp":"22-08-2023 21:27:09"}
{"level":"info","message":"Henrry Bourgeot ha generado la factura nro. 0006","timestamp":"22-08-2023 21:27:09"}
{"level":"warn","message":"Atención, Henrry Bourgeot puede que registre un pago","timestamp":"22-08-2023 21:27:12"}
{"level":"warn","message":"Henrry Bourgeot ha registrado un pago del estudiante de C.I. N° 29890437 por concepto 'inscripcion'","timestamp":"22-08-2023 21:27:34"}
{"level":"info","message":"Henrry Bourgeot ha generado la factura nro. 0007","timestamp":"22-08-2023 21:27:34"}
{"level":"warn","message":"Atención, Henrry Bourgeot puede que registre un pago","timestamp":"22-08-2023 21:27:36"}
{"level":"info","message":"Henrry Bourgeot ha iniciado sesión","timestamp":"12-09-2023 05:05:48"}
{"level":"info","message":"Henrry Bourgeot ha entrado al módulo de los pagos","timestamp":"12-09-2023 05:07:19"}
{"level":"info","message":"Henrry Bourgeot ha entrado al módulo de los pagos","timestamp":"12-09-2023 05:07:21"}
{"level":"info","message":"Henrry Bourgeot ha entrado al módulo de los pagos","timestamp":"12-09-2023 05:09:43"}
{"level":"info","message":"Henrry Bourgeot ha entrado al módulo de los pagos","timestamp":"12-09-2023 05:11:45"}
{"level":"info","message":"Henrry Bourgeot ha entrado al módulo de los pagos","timestamp":"12-09-2023 05:12:46"}
{"level":"info","message":"Henrry Bourgeot ha entrado al módulo de los pagos","timestamp":"12-09-2023 05:14:21"}
{"level":"info","message":"Henrry Bourgeot ha generado la factura nro. 0009","timestamp":"12-09-2023 05:16:30"}
{"level":"info","message":"Henrry Bourgeot ha entrado al módulo de los pagos","timestamp":"12-09-2023 05:18:16"}
{"level":"warn","message":"Atención, Henrry Bourgeot puede que registre un pago","timestamp":"12-09-2023 05:18:18"}
{"level":"info","message":"Henrry Bourgeot ha entrado al módulo de los pagos","timestamp":"12-09-2023 05:18:19"}
{"level":"info","message":"Henrry Bourgeot ha entrado al módulo de los pagos","timestamp":"12-09-2023 05:18:37"}
{"level":"info","message":"Henrry Bourgeot ha entrado al módulo de los pagos","timestamp":"12-09-2023 05:23:52"}
{"level":"info","message":"Henrry Bourgeot ha entrado al módulo de los pagos","timestamp":"12-09-2023 05:58:43"}
{"level":"info","message":"Henrry Bourgeot ha iniciado sesión","timestamp":"12-09-2023 09:05:46"}
{"level":"info","message":"Henrry Bourgeot ha entrado al módulo de los pagos","timestamp":"12-09-2023 09:05:50"}
{"level":"info","message":"Henrry Bourgeot ha generado la factura nro. 0010","timestamp":"12-09-2023 09:05:56"}
{"level":"info","message":"Henrry Bourgeot ha entrado al módulo de los pagos","timestamp":"12-09-2023 09:15:28"}
{"level":"info","message":"Henrry Bourgeot ha entrado al módulo de los pagos","timestamp":"12-09-2023 09:21:17"}
{"level":"info","message":"Henrry Bourgeot está viendo los pagos realizados por el estudiante ELIBETH LEONELA CURALLI JAIMES","timestamp":"12-09-2023 09:37:39"}
{"level":"info","message":"Henrry Bourgeot ha entrado al módulo de los pagos","timestamp":"12-09-2023 09:37:41"}
{"level":"warn","message":"Atención, Henrry Bourgeot puede que registre un pago","timestamp":"12-09-2023 09:38:50"}
{"level":"warn","message":"Atención, Henrry Bourgeot puede que registre un pago","timestamp":"12-09-2023 09:41:51"}
{"level":"warn","message":"Atención, Henrry Bourgeot puede que registre un pago","timestamp":"12-09-2023 09:45:47"}
{"level":"warn","message":"Atención, Henrry Bourgeot puede que registre un pago","timestamp":"12-09-2023 09:45:55"}
{"level":"warn","message":"Atención, Henrry Bourgeot puede que registre un pago","timestamp":"12-09-2023 09:46:02"}
{"level":"info","message":"Henrry Bourgeot ha entrado al módulo de los pagos","timestamp":"12-09-2023 09:55:27"}
{"level":"info","message":"Henrry Bourgeot está viendo los pagos realizados por el estudiante ELIBETH LEONELA CURALLI JAIMES","timestamp":"12-09-2023 09:55:38"}
{"level":"info","message":"Henrry Bourgeot está viendo los pagos realizados por el estudiante ELIBETH LEONELA CURALLI JAIMES","timestamp":"12-09-2023 09:55:59"}
{"level":"info","message":"Henrry Bourgeot está viendo los pagos realizados por el estudiante ELIBETH LEONELA CURALLI JAIMES","timestamp":"12-09-2023 09:56:03"}
{"level":"info","message":"Henrry Bourgeot está viendo los pagos realizados por el estudiante ELIBETH LEONELA CURALLI JAIMES","timestamp":"12-09-2023 09:56:05"}
{"level":"info","message":"Henrry Bourgeot está viendo los pagos realizados por el estudiante ELIBETH LEONELA CURALLI JAIMES","timestamp":"12-09-2023 09:56:48"}
{"level":"info","message":"Henrry Bourgeot está viendo los pagos realizados por el estudiante ELIBETH LEONELA CURALLI JAIMES","timestamp":"12-09-2023 09:57:23"}
{"level":"info","message":"Henrry Bourgeot ha entrado al módulo de los pagos","timestamp":"12-09-2023 09:59:22"}
{"level":"info","message":"Henrry Bourgeot está viendo los pagos realizados por el estudiante GUSTAVO ADOLFO GONZALEZ LEON","timestamp":"12-09-2023 09:59:41"}
{"level":"info","message":"Henrry Bourgeot está viendo los pagos realizados por el estudiante GUSTAVO ADOLFO GONZALEZ LEON","timestamp":"12-09-2023 10:01:50"}
{"level":"info","message":"Henrry Bourgeot ha entrado al módulo de los pagos","timestamp":"12-09-2023 10:01:53"}
{"level":"info","message":"Henrry Bourgeot está viendo los pagos realizados por el estudiante ELIBETH LEONELA CURALLI JAIMES","timestamp":"12-09-2023 10:02:01"}
{"level":"info","message":"Henrry Bourgeot ha entrado al módulo de los pagos","timestamp":"12-09-2023 10:02:11"}
{"level":"info","message":"Henrry Bourgeot está viendo los pagos realizados por el estudiante ELIBETH LEONELA CURALLI JAIMES","timestamp":"12-09-2023 10:02:17"}
{"level":"info","message":"Henrry Bourgeot está viendo los pagos realizados por el estudiante ELIBETH LEONELA CURALLI JAIMES","timestamp":"12-09-2023 10:02:26"}
{"level":"info","message":"Henrry Bourgeot ha entrado al módulo de los pagos","timestamp":"12-09-2023 10:02:37"}
{"level":"info","message":"Henrry Bourgeot ha entrado al módulo de los estudiantes","timestamp":"12-09-2023 10:02:51"}
{"level":"warn","message":"Henrry Bourgeot ha registrado al estudiante GUSTAVO ALEJANDRO RODRIGUEZ LEON","timestamp":"12-09-2023 10:06:06"}
{"level":"info","message":"Henrry Bourgeot ha entrado al módulo de los estudiantes","timestamp":"12-09-2023 10:06:06"}
{"level":"info","message":"Henrry Bourgeot ha entrado al módulo de los estudiantes","timestamp":"12-09-2023 10:06:06"}
{"level":"warn","message":"Henrry Bourgeot ha registrado al estudiante FRANCISCO RAMIREZ","timestamp":"12-09-2023 10:13:12"}
{"level":"info","message":"Henrry Bourgeot ha entrado al módulo de los estudiantes","timestamp":"12-09-2023 10:13:12"}
